18:12:24| --------------------------------------------------------------------------------
18:12:24| Primes: 1
18:12:24| {value} is not prime
18:12:24|  
18:12:24| --------------------------------------------------------------------------------
18:12:24| Words: 0
18:12:24|  
18:12:24| --------------------------------------------------------------------------------
18:12:24| Uppercase: 0
18:12:24|  
18:12:24| --------------------------------------------------------------------------------
18:12:24| Sums: 0
18:12:24|  
18:12:24| --------------------------------------------------------------------------------
18:12:24| Names: 0
18:12:24|  
18:12:24| Number of Primes tasks: 1
18:12:24| Number of Words tasks: 0
18:12:24| Number of Uppercase tasks: 0
18:12:24| Number of Sums tasks: 0
18:12:24| Number of Names tasks: 0
18:12:24| Finished processes 5 tasks = 0.67805140
