18:20:21| --------------------------------------------------------------------------------
18:20:21| Primes: 1
18:20:21| 9638760730083 is not prime
18:20:21|  
18:20:21| --------------------------------------------------------------------------------
18:20:21| Words: 1
18:20:21| amusement Found
18:20:21|  
18:20:21| --------------------------------------------------------------------------------
18:20:21| Uppercase: 1
18:20:21| INJECT
18:20:21|  
18:20:21| --------------------------------------------------------------------------------
18:20:21| Sums: 1
18:20:21| sum of 424 to 694,818 = 695,242
18:20:21|  
18:20:21| --------------------------------------------------------------------------------
18:20:21| Names: 1
18:20:21| http://127.0.0.1:8790/people/2/ has name C-3PO
18:20:21|  
18:20:21| Number of Primes tasks: 1
18:20:21| Number of Words tasks: 1
18:20:21| Number of Uppercase tasks: 1
18:20:21| Number of Sums tasks: 1
18:20:21| Number of Names tasks: 1
18:20:21| Finished processes 5 tasks = 1.67865250
