18:31:45| --------------------------------------------------------------------------------
18:31:45| Primes: 1
18:31:45| 9638760730083 is not prime
18:31:45|  
18:31:45| --------------------------------------------------------------------------------
18:31:45| Words: 1
18:31:45| amusement Found
18:31:45|  
18:31:45| --------------------------------------------------------------------------------
18:31:45| Uppercase: 1
18:31:45| INJECT
18:31:45|  
18:31:45| --------------------------------------------------------------------------------
18:31:45| Sums: 1
18:31:45| sum of 424 to 694,818 = 695,242
18:31:45|  
18:31:45| --------------------------------------------------------------------------------
18:31:45| Names: 0
18:31:45|  
18:31:45| Number of Primes tasks: 1
18:31:45| Number of Words tasks: 1
18:31:45| Number of Uppercase tasks: 1
18:31:45| Number of Sums tasks: 1
18:31:45| Number of Names tasks: 0
18:31:45| Finished processes 5 tasks = 2.92872970
