18:11:07| Error: unknown task type prime
18:11:07| --------------------------------------------------------------------------------
18:11:07| Primes: 0
18:11:07|  
18:11:07| --------------------------------------------------------------------------------
18:11:07| Words: 0
18:11:07|  
18:11:07| --------------------------------------------------------------------------------
18:11:07| Uppercase: 0
18:11:07|  
18:11:07| --------------------------------------------------------------------------------
18:11:07| Sums: 0
18:11:07|  
18:11:07| --------------------------------------------------------------------------------
18:11:07| Names: 0
18:11:07|  
18:11:07| Number of Primes tasks: 0
18:11:07| Number of Words tasks: 0
18:11:07| Number of Uppercase tasks: 0
18:11:07| Number of Sums tasks: 0
18:11:07| Number of Names tasks: 0
18:11:07| Finished processes 5 tasks = 0.68676030
