18:23:46| --------------------------------------------------------------------------------
18:23:46| Primes: 1
18:23:46| 9638760730083 is not prime
18:23:46|  
18:23:46| --------------------------------------------------------------------------------
18:23:46| Words: 1
18:23:46| amusement Found
18:23:46|  
18:23:46| --------------------------------------------------------------------------------
18:23:46| Uppercase: 1
18:23:46| INJECT
18:23:46|  
18:23:46| --------------------------------------------------------------------------------
18:23:46| Sums: 1
18:23:46| sum of 424 to 694,818 = 695,242
18:23:46|  
18:23:46| --------------------------------------------------------------------------------
18:23:46| Names: 1
18:23:46| http://127.0.0.1:8790/people/2/ has name C-3PO
18:23:46|  
18:23:46| Number of Primes tasks: 1
18:23:46| Number of Words tasks: 1
18:23:46| Number of Uppercase tasks: 1
18:23:46| Number of Sums tasks: 1
18:23:46| Number of Names tasks: 1
18:23:46| Finished processes 5 tasks = 1.69389360
