18:42:29| --------------------------------------------------------------------------------
18:42:29| Primes: 1
18:42:29| 9638760730083 is not prime
18:42:29|  
18:42:29| --------------------------------------------------------------------------------
18:42:29| Words: 1
18:42:29| amusement Found
18:42:29|  
18:42:29| --------------------------------------------------------------------------------
18:42:29| Uppercase: 1
18:42:29| INJECT
18:42:29|  
18:42:29| --------------------------------------------------------------------------------
18:42:29| Sums: 1
18:42:29| sum of 424 to 694,818 = 695,242
18:42:29|  
18:42:29| --------------------------------------------------------------------------------
18:42:29| Names: 1
18:42:29| http://127.0.0.1:8790/people/2/ had an error receiving the information
18:42:29|  
18:42:29| Number of Primes tasks: 1
18:42:29| Number of Words tasks: 1
18:42:29| Number of Uppercase tasks: 1
18:42:29| Number of Sums tasks: 1
18:42:29| Number of Names tasks: 1
18:42:29| Finished processes 5 tasks = 2.89982120
