18:16:18| --------------------------------------------------------------------------------
18:16:18| Primes: 1
18:16:18| {value} is not prime
18:16:18|  
18:16:18| --------------------------------------------------------------------------------
18:16:18| Words: 1
18:16:18| {word} not found *****
18:16:18|  
18:16:18| --------------------------------------------------------------------------------
18:16:18| Uppercase: 1
18:16:18| INJECT
18:16:18|  
18:16:18| --------------------------------------------------------------------------------
18:16:18| Sums: 1
18:16:18| sum of {start_value:,} to {end_value:,} = {total:,}
18:16:18|  
18:16:18| --------------------------------------------------------------------------------
18:16:18| Names: 1
18:16:18| {url} has name <name>
18:16:18|  
18:16:18| Number of Primes tasks: 1
18:16:18| Number of Words tasks: 1
18:16:18| Number of Uppercase tasks: 1
18:16:18| Number of Sums tasks: 1
18:16:18| Number of Names tasks: 1
18:16:18| Finished processes 5 tasks = 1.67881220
