18:31:18| --------------------------------------------------------------------------------
18:31:18| Primes: 1
18:31:18| 9638760730083 is not prime
18:31:18|  
18:31:18| --------------------------------------------------------------------------------
18:31:18| Words: 1
18:31:18| amusement Found
18:31:18|  
18:31:18| --------------------------------------------------------------------------------
18:31:18| Uppercase: 1
18:31:18| INJECT
18:31:18|  
18:31:18| --------------------------------------------------------------------------------
18:31:18| Sums: 1
18:31:18| sum of 424 to 694,818 = 695,242
18:31:18|  
18:31:18| --------------------------------------------------------------------------------
18:31:18| Names: 0
18:31:18|  
18:31:18| Number of Primes tasks: 1
18:31:18| Number of Words tasks: 1
18:31:18| Number of Uppercase tasks: 1
18:31:18| Number of Sums tasks: 1
18:31:18| Number of Names tasks: 0
18:31:18| Finished processes 5 tasks = 2.94789940
