18:18:08| --------------------------------------------------------------------------------
18:18:08| Primes: 1
18:18:08| 9638760730083 is not prime
18:18:08|  
18:18:08| --------------------------------------------------------------------------------
18:18:08| Words: 1
18:18:08| amusement not found *****
18:18:08|  
18:18:08| --------------------------------------------------------------------------------
18:18:08| Uppercase: 1
18:18:08| INJECT
18:18:08|  
18:18:08| --------------------------------------------------------------------------------
18:18:08| Sums: 1
18:18:08| sum of 424 to 694,818 = 695,242
18:18:08|  
18:18:08| --------------------------------------------------------------------------------
18:18:08| Names: 1
18:18:08| http://127.0.0.1:8790/people/2/ has name C-3PO
18:18:08|  
18:18:08| Number of Primes tasks: 1
18:18:08| Number of Words tasks: 1
18:18:08| Number of Uppercase tasks: 1
18:18:08| Number of Sums tasks: 1
18:18:08| Number of Names tasks: 1
18:18:08| Finished processes 5 tasks = 1.71529410
