18:11:22| Error: unknown task type prime
18:11:23| --------------------------------------------------------------------------------
18:11:23| Primes: 0
18:11:23|  
18:11:23| --------------------------------------------------------------------------------
18:11:23| Words: 0
18:11:23|  
18:11:23| --------------------------------------------------------------------------------
18:11:23| Uppercase: 0
18:11:23|  
18:11:23| --------------------------------------------------------------------------------
18:11:23| Sums: 0
18:11:23|  
18:11:23| --------------------------------------------------------------------------------
18:11:23| Names: 0
18:11:23|  
18:11:23| Number of Primes tasks: 0
18:11:23| Number of Words tasks: 0
18:11:23| Number of Uppercase tasks: 0
18:11:23| Number of Sums tasks: 0
18:11:23| Number of Names tasks: 0
18:11:23| Finished processes 5 tasks = 0.69885680
