18:07:13| --------------------------------------------------------------------------------
18:07:13| Primes: 0
18:07:13|  
18:07:13| --------------------------------------------------------------------------------
18:07:13| Words: 0
18:07:13|  
18:07:13| --------------------------------------------------------------------------------
18:07:13| Uppercase: 0
18:07:13|  
18:07:13| --------------------------------------------------------------------------------
18:07:13| Sums: 0
18:07:13|  
18:07:13| --------------------------------------------------------------------------------
18:07:13| Names: 0
18:07:13|  
18:07:13| Number of Primes tasks: 0
18:07:13| Number of Words tasks: 0
18:07:13| Number of Uppercase tasks: 0
18:07:13| Number of Sums tasks: 0
18:07:13| Number of Names tasks: 0
18:07:13| Finished processes 5 tasks = 0.05538800
