18:32:32| --------------------------------------------------------------------------------
18:32:32| Primes: 1
18:32:32| 9638760730083 is not prime
18:32:32|  
18:32:32| --------------------------------------------------------------------------------
18:32:32| Words: 1
18:32:32| amusement Found
18:32:32|  
18:32:32| --------------------------------------------------------------------------------
18:32:32| Uppercase: 1
18:32:32| INJECT
18:32:32|  
18:32:32| --------------------------------------------------------------------------------
18:32:32| Sums: 1
18:32:32| sum of 424 to 694,818 = 695,242
18:32:32|  
18:32:32| --------------------------------------------------------------------------------
18:32:32| Names: 0
18:32:32|  
18:32:32| Number of Primes tasks: 1
18:32:32| Number of Words tasks: 1
18:32:32| Number of Uppercase tasks: 1
18:32:32| Number of Sums tasks: 1
18:32:32| Number of Names tasks: 0
18:32:32| Finished processes 5 tasks = 2.87615940
