18:24:53| --------------------------------------------------------------------------------
18:24:53| Primes: 1
18:24:53| 9638760730083 is not prime
18:24:53|  
18:24:53| --------------------------------------------------------------------------------
18:24:53| Words: 1
18:24:53| amusement Found
18:24:53|  
18:24:53| --------------------------------------------------------------------------------
18:24:53| Uppercase: 1
18:24:53| INJECT
18:24:53|  
18:24:53| --------------------------------------------------------------------------------
18:24:53| Sums: 1
18:24:53| sum of 424 to 694,818 = 695,242
18:24:53|  
18:24:53| --------------------------------------------------------------------------------
18:24:53| Names: 1
18:24:53| http://127.0.0.1:8790/people/2/ has name C-3PO
18:24:53|  
18:24:53| Number of Primes tasks: 1
18:24:53| Number of Words tasks: 1
18:24:53| Number of Uppercase tasks: 1
18:24:53| Number of Sums tasks: 1
18:24:53| Number of Names tasks: 1
18:24:53| Finished processes 5 tasks = 1.75679220
