18:09:02| --------------------------------------------------------------------------------
18:09:02| Primes: 1
18:09:02| {value} is not prime
18:09:02|  
18:09:02| --------------------------------------------------------------------------------
18:09:02| Words: 0
18:09:02|  
18:09:02| --------------------------------------------------------------------------------
18:09:02| Uppercase: 0
18:09:02|  
18:09:02| --------------------------------------------------------------------------------
18:09:02| Sums: 0
18:09:02|  
18:09:02| --------------------------------------------------------------------------------
18:09:02| Names: 0
18:09:02|  
18:09:02| Number of Primes tasks: 1
18:09:02| Number of Words tasks: 0
18:09:02| Number of Uppercase tasks: 0
18:09:02| Number of Sums tasks: 0
18:09:02| Number of Names tasks: 0
18:09:02| Finished processes 5 tasks = 0.68583670
