18:41:03| --------------------------------------------------------------------------------
18:41:03| Primes: 1
18:41:03| 9638760730083 is not prime
18:41:03|  
18:41:03| --------------------------------------------------------------------------------
18:41:03| Words: 1
18:41:03| amusement Found
18:41:03|  
18:41:03| --------------------------------------------------------------------------------
18:41:03| Uppercase: 1
18:41:03| INJECT
18:41:03|  
18:41:03| --------------------------------------------------------------------------------
18:41:03| Sums: 1
18:41:03| sum of 424 to 694,818 = 695,242
18:41:03|  
18:41:03| --------------------------------------------------------------------------------
18:41:03| Names: 0
18:41:03|  
18:41:03| Number of Primes tasks: 1
18:41:03| Number of Words tasks: 1
18:41:03| Number of Uppercase tasks: 1
18:41:03| Number of Sums tasks: 1
18:41:03| Number of Names tasks: 0
18:41:03| Finished processes 5 tasks = 2.93318680
