18:20:45| --------------------------------------------------------------------------------
18:20:45| Primes: 1
18:20:45| 9638760730083 is not prime
18:20:45|  
18:20:45| --------------------------------------------------------------------------------
18:20:45| Words: 1
18:20:45| amusement Found
18:20:45|  
18:20:45| --------------------------------------------------------------------------------
18:20:45| Uppercase: 1
18:20:45| INJECT
18:20:45|  
18:20:45| --------------------------------------------------------------------------------
18:20:45| Sums: 1
18:20:45| sum of 424 to 694,818 = 695,242
18:20:45|  
18:20:45| --------------------------------------------------------------------------------
18:20:45| Names: 1
18:20:45| http://127.0.0.1:8790/people/2/ has name C-3PO
18:20:45|  
18:20:45| Number of Primes tasks: 1
18:20:45| Number of Words tasks: 1
18:20:45| Number of Uppercase tasks: 1
18:20:45| Number of Sums tasks: 1
18:20:45| Number of Names tasks: 1
18:20:45| Finished processes 5 tasks = 1.71600590
