18:36:58| --------------------------------------------------------------------------------
18:36:58| Primes: 1
18:36:58| 9638760730083 is not prime
18:36:58|  
18:36:58| --------------------------------------------------------------------------------
18:36:58| Words: 1
18:36:58| amusement Found
18:36:58|  
18:36:58| --------------------------------------------------------------------------------
18:36:58| Uppercase: 1
18:36:58| INJECT
18:36:58|  
18:36:58| --------------------------------------------------------------------------------
18:36:58| Sums: 1
18:36:58| sum of 424 to 694,818 = 695,242
18:36:58|  
18:36:58| --------------------------------------------------------------------------------
18:36:58| Names: 0
18:36:58|  
18:36:58| Number of Primes tasks: 1
18:36:58| Number of Words tasks: 1
18:36:58| Number of Uppercase tasks: 1
18:36:58| Number of Sums tasks: 1
18:36:58| Number of Names tasks: 0
18:36:58| Finished processes 5 tasks = 2.96050220
