18:10:05| --------------------------------------------------------------------------------
18:10:05| Primes: 1
18:10:05| {value} is not prime
18:10:05|  
18:10:05| --------------------------------------------------------------------------------
18:10:05| Words: 0
18:10:05|  
18:10:05| --------------------------------------------------------------------------------
18:10:05| Uppercase: 0
18:10:05|  
18:10:05| --------------------------------------------------------------------------------
18:10:05| Sums: 0
18:10:05|  
18:10:05| --------------------------------------------------------------------------------
18:10:05| Names: 0
18:10:05|  
18:10:05| Number of Primes tasks: 1
18:10:05| Number of Words tasks: 0
18:10:05| Number of Uppercase tasks: 0
18:10:05| Number of Sums tasks: 0
18:10:05| Number of Names tasks: 0
18:10:05| Finished processes 5 tasks = 0.70167630
