18:11:32| --------------------------------------------------------------------------------
18:11:32| Primes: 1
18:11:32| {value} is not prime
18:11:32|  
18:11:32| --------------------------------------------------------------------------------
18:11:32| Words: 0
18:11:32|  
18:11:32| --------------------------------------------------------------------------------
18:11:32| Uppercase: 0
18:11:32|  
18:11:32| --------------------------------------------------------------------------------
18:11:32| Sums: 0
18:11:32|  
18:11:32| --------------------------------------------------------------------------------
18:11:32| Names: 0
18:11:32|  
18:11:32| Number of Primes tasks: 1
18:11:32| Number of Words tasks: 0
18:11:32| Number of Uppercase tasks: 0
18:11:32| Number of Sums tasks: 0
18:11:32| Number of Names tasks: 0
18:11:32| Finished processes 5 tasks = 0.68127210
