18:12:19| --------------------------------------------------------------------------------
18:12:19| Primes: 1
18:12:19| {value} is not prime
18:12:19|  
18:12:19| --------------------------------------------------------------------------------
18:12:19| Words: 0
18:12:19|  
18:12:19| --------------------------------------------------------------------------------
18:12:19| Uppercase: 0
18:12:19|  
18:12:19| --------------------------------------------------------------------------------
18:12:19| Sums: 0
18:12:19|  
18:12:19| --------------------------------------------------------------------------------
18:12:19| Names: 0
18:12:19|  
18:12:19| Number of Primes tasks: 1
18:12:19| Number of Words tasks: 0
18:12:19| Number of Uppercase tasks: 0
18:12:19| Number of Sums tasks: 0
18:12:19| Number of Names tasks: 0
18:12:19| Finished processes 5 tasks = 0.69149620
