23:48:21| ****************************************
23:48:21| Part 2
23:48:21| 
23:48:21| File: verysmall.bmp
23:48:21| Number of drawing commands = 82
23:48:21| Number of threads created  = 2
23:48:24| 
23:48:24| File: verysmall-loops.bmp
23:48:24| Number of drawing commands = 322
23:48:24| Number of threads created  = 8
23:48:33| 
23:48:33| File: small.bmp
23:48:35| Number of drawing commands = 1652
23:48:35| Number of threads created  = 26
23:48:39| 
23:48:39| File: small-loops.bmp
23:48:40| Number of drawing commands = 2030
23:48:40| Number of threads created  = 56
23:48:52| 
23:48:52| File: small-odd.bmp
23:48:54| Number of drawing commands = 2160
23:48:54| Number of threads created  = 203
